<?xml version="1.0" encoding="UTF-8"?>
<testng-results ignored="0" total="1" passed="1" failed="0" skipped="0">
  <reporter-output>
  </reporter-output>
  <suite started-at="2023-11-25T22:38:26 IST" name="Default suite" finished-at="2023-11-25T22:38:26 IST" duration-ms="66">
    <groups>
    </groups>
    <test started-at="2023-11-25T22:38:26 IST" name="Default test" finished-at="2023-11-25T22:38:26 IST" duration-ms="66">
      <class name="Practice.TestNGPractice">
        <test-method signature="demo()[pri:0, instance:Practice.TestNGPractice@70e9c95d]" started-at="2023-11-25T22:38:26 IST" name="demo" finished-at="2023-11-25T22:38:26 IST" duration-ms="9" status="PASS">
          <reporter-output>
          </reporter-output>
        </test-method> <!-- demo -->
      </class> <!-- Practice.TestNGPractice -->
    </test> <!-- Default test -->
  </suite> <!-- Default suite -->
</testng-results>
