<?xml version="1.0" encoding="UTF-8"?>
<testng-results ignored="0" total="1" passed="1" failed="0" skipped="0">
  <reporter-output>
    <line>
      <![CDATA[Click on the PIM button successfully]]>
    </line>
    <line>
      <![CDATA[Click on the Add button successfully]]>
    </line>
    <line>
      <![CDATA[Create new employee successfully]]>
    </line>
  </reporter-output>
  <suite started-at="2023-11-29T22:48:34 IST" name="Default suite" finished-at="2023-11-29T22:48:51 IST" duration-ms="16244">
    <groups>
    </groups>
    <test started-at="2023-11-29T22:48:34 IST" name="Default test" finished-at="2023-11-29T22:48:51 IST" duration-ms="16244">
      <class name="orangeHRM.CreateEmployee.CreateEmpoyee">
        <test-method is-config="true" signature="bcConfig()[pri:0, instance:orangeHRM.CreateEmployee.CreateEmpoyee@117159c0]" started-at="2023-11-29T22:48:34 IST" name="bcConfig" finished-at="2023-11-29T22:48:42 IST" duration-ms="7359" status="PASS">
          <reporter-output>
          </reporter-output>
        </test-method> <!-- bcConfig -->
        <test-method is-config="true" signature="bmConfig()[pri:0, instance:orangeHRM.CreateEmployee.CreateEmpoyee@117159c0]" started-at="2023-11-29T22:48:42 IST" name="bmConfig" finished-at="2023-11-29T22:48:44 IST" duration-ms="2598" status="PASS">
          <reporter-output>
          </reporter-output>
        </test-method> <!-- bmConfig -->
        <test-method signature="createEmployee()[pri:0, instance:orangeHRM.CreateEmployee.CreateEmpoyee@117159c0]" started-at="2023-11-29T22:48:44 IST" name="createEmployee" finished-at="2023-11-29T22:48:49 IST" duration-ms="4749" status="PASS">
          <reporter-output>
            <line>
              <![CDATA[Click on the PIM button successfully]]>
            </line>
            <line>
              <![CDATA[Click on the Add button successfully]]>
            </line>
            <line>
              <![CDATA[Create new employee successfully]]>
            </line>
          </reporter-output>
        </test-method> <!-- createEmployee -->
        <test-method is-config="true" signature="amConfig()[pri:0, instance:orangeHRM.CreateEmployee.CreateEmpoyee@117159c0]" started-at="2023-11-29T22:48:49 IST" name="amConfig" finished-at="2023-11-29T22:48:50 IST" duration-ms="1219" status="PASS">
          <reporter-output>
          </reporter-output>
        </test-method> <!-- amConfig -->
        <test-method is-config="true" signature="acConfig()[pri:0, instance:orangeHRM.CreateEmployee.CreateEmpoyee@117159c0]" started-at="2023-11-29T22:48:50 IST" name="acConfig" finished-at="2023-11-29T22:48:51 IST" duration-ms="270" status="PASS">
          <reporter-output>
          </reporter-output>
        </test-method> <!-- acConfig -->
      </class> <!-- orangeHRM.CreateEmployee.CreateEmpoyee -->
    </test> <!-- Default test -->
  </suite> <!-- Default suite -->
</testng-results>
